23:22:00.022 | CRON | Trigger process for 11/02 at 22:45:00 for 1h
23:22:00.023 | SYS | เริ่มประมวลผลรายงาน
23:22:00.024 | SYS | State ปัจจุบัน = 6
23:22:00.035 | SYS | เริ่มตรวจสอบข้อมูลกับ LK2
23:22:00.233 | LK | Error calling checkLK: [2330] ผู้ใช้งานใช้สิทธิในการร้องขอข้อมูลครบแล้ว
23:29:16.555 | CRON | Trigger process for 11/02 at 22:30:00 for 1h
23:29:16.556 | SYS | เริ่มประมวลผลรายงาน
23:29:16.558 | SYS | State ปัจจุบัน = 6
23:29:16.571 | SYS | เริ่มตรวจสอบข้อมูลกับ LK2
23:29:16.766 | LK | Error calling checkLK: [2330] ผู้ใช้งานใช้สิทธิในการร้องขอข้อมูลครบแล้ว
23:33:14.870 | CRON | Trigger process for 11/02 at 22:35:00 for 1h
23:33:14.870 | SYS | เริ่มประมวลผลรายงาน
23:33:14.872 | SYS | State ปัจจุบัน = 6
23:33:14.880 | SYS | เริ่มตรวจสอบข้อมูลกับ LK2
23:33:15.080 | LK | Error calling checkLK: [2330] ผู้ใช้งานใช้สิทธิในการร้องขอข้อมูลครบแล้ว
23:35:15.193 | SYS | หยุดตามเวลาที่กำหนด
23:35:15.193 | SYS | หยุดตามเวลาที่กำหนด
23:37:00.011 | SYS | เริ่มประมวลผลรายงาน
23:37:00.011 | CRON | Trigger process for 11/02 at 23:37:00 for 1h
23:37:00.015 | SYS | State ปัจจุบัน = 6
23:37:00.021 | SYS | เริ่มตรวจสอบข้อมูลกับ LK2
23:37:00.207 | LK | Error calling checkLK: [2330] ผู้ใช้งานใช้สิทธิในการร้องขอข้อมูลครบแล้ว
23:38:33.072 | CRON | Trigger process for 11/02 at 23:37:00 for 1h
23:38:33.073 | SYS | เริ่มประมวลผลรายงาน
23:38:33.074 | SYS | State ปัจจุบัน = 6
23:38:33.079 | SYS | เริ่มตรวจสอบข้อมูลกับ LK2
23:38:33.274 | LK | Error calling checkLK: [2330] ผู้ใช้งานใช้สิทธิในการร้องขอข้อมูลครบแล้ว
23:39:18.474 | CRON | Trigger process for 11/02 at 23:37:00 for 1h
23:39:18.475 | SYS | เริ่มประมวลผลรายงาน
23:39:18.476 | SYS | State ปัจจุบัน = 6
23:39:18.490 | SYS | เริ่มตรวจสอบข้อมูลกับ LK2
23:39:18.585 | LK | Error calling checkLK: [2330] ผู้ใช้งานใช้สิทธิในการร้องขอข้อมูลครบแล้ว
23:39:19.621 | LK | Error calling checkLK: [2330] ผู้ใช้งานใช้สิทธิในการร้องขอข้อมูลครบแล้ว
23:39:20.659 | LK | Error calling checkLK: [2330] ผู้ใช้งานใช้สิทธิในการร้องขอข้อมูลครบแล้ว
23:39:21.690 | LK | Error calling checkLK: [2330] ผู้ใช้งานใช้สิทธิในการร้องขอข้อมูลครบแล้ว
23:39:21.752 | LK | Error calling checkLK: [2330] ผู้ใช้งานใช้สิทธิในการร้องขอข้อมูลครบแล้ว
23:39:22.781 | LK | Error calling checkLK: [2330] ผู้ใช้งานใช้สิทธิในการร้องขอข้อมูลครบแล้ว
23:39:23.812 | LK | Error calling checkLK: [2330] ผู้ใช้งานใช้สิทธิในการร้องขอข้อมูลครบแล้ว
23:39:24.853 | LK | Error calling checkLK: [2330] ผู้ใช้งานใช้สิทธิในการร้องขอข้อมูลครบแล้ว
23:39:24.927 | LK | Error calling checkLK: [2330] ผู้ใช้งานใช้สิทธิในการร้องขอข้อมูลครบแล้ว
23:39:25.960 | LK | Error calling checkLK: [2330] ผู้ใช้งานใช้สิทธิในการร้องขอข้อมูลครบแล้ว
23:39:26.995 | LK | Error calling checkLK: [2330] ผู้ใช้งานใช้สิทธิในการร้องขอข้อมูลครบแล้ว
23:39:28.053 | LK | Error calling checkLK: [2330] ผู้ใช้งานใช้สิทธิในการร้องขอข้อมูลครบแล้ว
23:39:28.117 | LK | Error calling checkLK: [2330] ผู้ใช้งานใช้สิทธิในการร้องขอข้อมูลครบแล้ว
23:39:29.161 | LK | Error calling checkLK: [2330] ผู้ใช้งานใช้สิทธิในการร้องขอข้อมูลครบแล้ว
23:39:30.214 | LK | Error calling checkLK: [2330] ผู้ใช้งานใช้สิทธิในการร้องขอข้อมูลครบแล้ว
23:39:31.253 | LK | Error calling checkLK: [2330] ผู้ใช้งานใช้สิทธิในการร้องขอข้อมูลครบแล้ว
23:39:31.319 | LK | Error calling checkLK: [2330] ผู้ใช้งานใช้สิทธิในการร้องขอข้อมูลครบแล้ว
23:39:32.370 | LK | Error calling checkLK: [2330] ผู้ใช้งานใช้สิทธิในการร้องขอข้อมูลครบแล้ว
23:39:33.406 | LK | Error calling checkLK: [2330] ผู้ใช้งานใช้สิทธิในการร้องขอข้อมูลครบแล้ว
23:39:34.469 | LK | Error calling checkLK: [2330] ผู้ใช้งานใช้สิทธิในการร้องขอข้อมูลครบแล้ว
23:39:34.536 | LK | Error calling checkLK: [2330] ผู้ใช้งานใช้สิทธิในการร้องขอข้อมูลครบแล้ว
23:39:35.574 | LK | Error calling checkLK: [2330] ผู้ใช้งานใช้สิทธิในการร้องขอข้อมูลครบแล้ว
23:39:36.606 | LK | Error calling checkLK: [2330] ผู้ใช้งานใช้สิทธิในการร้องขอข้อมูลครบแล้ว
